New log file opened at Thu Apr 30 00:08:56 COT 2015 by 1806@iMac-de-Felipe.local
jvm 1806@iMac-de-Felipe.local
jvm vmName=Java HotSpot(TM) 64-Bit Server VM vmVendor=Oracle Corporation vmVersion=25.25-b02
jvm specName=Java Virtual Machine Specification specVendor=Oracle Corporation specVersion=1.8
jvm arguments: [-Xms256m, -Xmx1024m, -XX:MetaspaceSize=64m, -XX:MaxMetaspaceSize=256m]
Starting event engine
Starting sbt command engine
Waiting for sbt command engine
Command engine arguments=List()
Command engine baseDirectory=/Users/feliperojas/KnowBag/activator/hello-akka
Command engine initial remaining commands List(--initialize, onFailure load-failed, boot, server-send-ready-for-request, server-handle-next-server-request)
> --initialize
> initialize
> onFailure load-failed
> boot
> reload
[Loading] Scanning directory /Users/feliperojas/KnowBag/activator/hello-akka/project
[Loading] Found non-root projects 
[Loading] Done in /Users/feliperojas/KnowBag/activator/hello-akka/project, returning: ()
deducing auto plugins based on known facts Set(Atom(sbt.plugins.CorePlugin)) and clauses Clauses(List(Clause(Atom(sbt.plugins.JvmPlugin),Set(Atom(sbt.plugins.IvyPlugin))), Clause(Atom(sbt.plugins.JUnitXmlReportPlugin),Set(Atom(sbt.plugins.JvmPlugin))), Clause(Atom(sbt.plugins.CorePlugin),Set(Atom(sbt.plugins.IvyPlugin))), Clause(Atom(sbt.plugins.IvyPlugin),Set(Atom(sbt.plugins.JvmPlugin))), Clause(Atom(sbt.plugins.JvmPlugin),Set(Atom(sbt.plugins.JUnitXmlReportPlugin)))))
  :: deduced result: Matched(sbt.plugins.CorePlugin,sbt.plugins.IvyPlugin,sbt.plugins.JvmPlugin,sbt.plugins.JUnitXmlReportPlugin)
sorting: ns: List(sbt.plugins.CorePlugin, sbt.plugins.IvyPlugin, sbt.plugins.JvmPlugin, sbt.plugins.JUnitXmlReportPlugin)
  :: sorting:: found: List(sbt.plugins.CorePlugin) not found List(sbt.plugins.IvyPlugin, sbt.plugins.JvmPlugin, sbt.plugins.JUnitXmlReportPlugin)
  :: sorting:: found: List(sbt.plugins.CorePlugin, sbt.plugins.IvyPlugin) not found List(sbt.plugins.JvmPlugin, sbt.plugins.JUnitXmlReportPlugin)
  :: sorting:: found: List(sbt.plugins.CorePlugin, sbt.plugins.IvyPlugin, sbt.plugins.JvmPlugin) not found List(sbt.plugins.JUnitXmlReportPlugin)
  :: sorting:: found: List(sbt.plugins.CorePlugin, sbt.plugins.IvyPlugin, sbt.plugins.JvmPlugin, sbt.plugins.JUnitXmlReportPlugin) not found List()
  :: sorted deduced result: List(sbt.plugins.CorePlugin, sbt.plugins.IvyPlugin, sbt.plugins.JvmPlugin, sbt.plugins.JUnitXmlReportPlugin)
[Loading] Done in /Users/feliperojas/KnowBag/activator/hello-akka/project, returning: (hello-akka-build)
Loading project definition from /Users/feliperojas/KnowBag/activator/hello-akka/project
Running task... Cancel: sbt.TaskCancellationStrategy$Null$@2bdeeb98, check cycles: false

Initial source changes: 
	removed:Set()
	added: Set()
	modified: Set()
Removed products: Set()
External API changes: API Changes: Set()
Modified binary dependencies: Set()
Initial directly invalidated sources: Set()

Sources indirectly invalidated by:
	product: Set()
	binary dep: Set()
	external source: Set()
All initially invalidated sources: Set()

Copy resource mappings: 
	
[Loading] Scanning directory /Users/feliperojas/KnowBag/activator/hello-akka
[Loading] Found non-root projects 
[Loading] Done in /Users/feliperojas/KnowBag/activator/hello-akka, returning: ()
deducing auto plugins based on known facts Set(Atom(sbt.plugins.CorePlugin)) and clauses Clauses(List(Clause(Atom(sbt.plugins.JvmPlugin),Set(Atom(sbt.plugins.IvyPlugin))), Clause(Atom(sbt.plugins.JUnitXmlReportPlugin),Set(Atom(sbt.plugins.JvmPlugin))), Clause(Atom(play.sbt.forkrun.PlayForkRun),Set(Atom(sbt.plugins.BackgroundRunPlugin))), Clause(Atom(play.sbt.forkrun.PlayForkRun),Set(Atom(play.Play))), Clause(Atom(play.sbt.forkrun.PlayForkRun),Set(Atom(sbt.plugins.SerializersPlugin))), Clause(Atom(play.Play),Set(Atom(com.typesafe.sbt.webdriver.SbtWebDriver))), Clause(Atom(play.Play),Set(Atom(play.twirl.sbt.SbtTwirl))), Clause(Atom(play.Play),Set(Atom(com.typesafe.sbt.jse.SbtJsTask))), Clause(Atom(play.PlayJava),Set(Atom(play.Play))), Clause(Atom(play.PlayScala),Set(Atom(play.Play))), Clause(Atom(play.twirl.sbt.SbtTwirl),Set(Atom(sbt.plugins.JvmPlugin))), Clause(Atom(com.typesafe.sbt.jse.SbtJsEngine),Set(Atom(com.typesafe.sbt.web.SbtWeb))), Clause(Atom(com.typesafe.sbt.jse.SbtJsTask),Set(Atom(com.typesafe.sbt.jse.SbtJsEngine))), Clause(Atom(com.typesafe.sbt.webdriver.SbtWebDriver),Set(Atom(com.typesafe.sbt.web.SbtWeb))), Clause(Atom(sbt.plugins.BackgroundRunPlugin),Set(Atom(sbt.plugins.JvmPlugin))), Clause(Atom(sbt.plugins.CorePlugin),Set(Atom(sbt.plugins.IvyPlugin))), Clause(Atom(sbt.plugins.IvyPlugin),Set(Atom(sbt.plugins.JvmPlugin))), Clause(Atom(sbt.plugins.JvmPlugin),Set(Atom(sbt.plugins.JUnitXmlReportPlugin))), Clause(And(Set(Atom(sbt.plugins.BackgroundRunPlugin), Atom(play.Play), Atom(sbt.plugins.SerializersPlugin))),Set(Atom(play.sbt.forkrun.PlayForkRun))), Clause(Atom(com.typesafe.sbt.web.SbtWeb),Set(Atom(com.typesafe.sbt.jse.SbtJsEngine))), Clause(Atom(com.typesafe.sbt.jse.SbtJsEngine),Set(Atom(com.typesafe.sbt.jse.SbtJsTask))), Clause(Atom(com.typesafe.sbt.web.SbtWeb),Set(Atom(com.typesafe.sbt.webdriver.SbtWebDriver))), Clause(Atom(sbt.plugins.JvmPlugin),Set(Atom(sbt.plugins.BackgroundRunPlugin))), Clause(Atom(sbt.plugins.CorePlugin),Set(Atom(sbt.plugins.InteractionServicePlugin))), Clause(Atom(sbt.plugins.CorePlugin),Set(Atom(sbt.plugins.SendEventServicePlugin))), Clause(Atom(sbt.plugins.CorePlugin),Set(Atom(sbt.plugins.SerializersPlugin)))))
  :: deduced result: Matched(sbt.plugins.CorePlugin,sbt.plugins.SerializersPlugin,sbt.plugins.SendEventServicePlugin,sbt.plugins.InteractionServicePlugin,sbt.plugins.IvyPlugin,sbt.plugins.JvmPlugin,sbt.plugins.BackgroundRunPlugin,sbt.plugins.JUnitXmlReportPlugin)
sorting: ns: List(sbt.plugins.CorePlugin, sbt.plugins.SerializersPlugin, sbt.plugins.SendEventServicePlugin, sbt.plugins.InteractionServicePlugin, sbt.plugins.IvyPlugin, sbt.plugins.JvmPlugin, sbt.plugins.BackgroundRunPlugin, sbt.plugins.JUnitXmlReportPlugin)
  :: sorting:: found: List(sbt.plugins.CorePlugin) not found List(sbt.plugins.SerializersPlugin, sbt.plugins.SendEventServicePlugin, sbt.plugins.InteractionServicePlugin, sbt.plugins.IvyPlugin, sbt.plugins.JvmPlugin, sbt.plugins.BackgroundRunPlugin, sbt.plugins.JUnitXmlReportPlugin)
  :: sorting:: found: List(sbt.plugins.CorePlugin, sbt.plugins.SerializersPlugin, sbt.plugins.SendEventServicePlugin, sbt.plugins.InteractionServicePlugin, sbt.plugins.IvyPlugin) not found List(sbt.plugins.JvmPlugin, sbt.plugins.BackgroundRunPlugin, sbt.plugins.JUnitXmlReportPlugin)
  :: sorting:: found: List(sbt.plugins.CorePlugin, sbt.plugins.SerializersPlugin, sbt.plugins.SendEventServicePlugin, sbt.plugins.InteractionServicePlugin, sbt.plugins.IvyPlugin, sbt.plugins.JvmPlugin) not found List(sbt.plugins.BackgroundRunPlugin, sbt.plugins.JUnitXmlReportPlugin)
  :: sorting:: found: List(sbt.plugins.CorePlugin, sbt.plugins.SerializersPlugin, sbt.plugins.SendEventServicePlugin, sbt.plugins.InteractionServicePlugin, sbt.plugins.IvyPlugin, sbt.plugins.JvmPlugin, sbt.plugins.BackgroundRunPlugin, sbt.plugins.JUnitXmlReportPlugin) not found List()
  :: sorted deduced result: List(sbt.plugins.CorePlugin, sbt.plugins.SerializersPlugin, sbt.plugins.SendEventServicePlugin, sbt.plugins.InteractionServicePlugin, sbt.plugins.IvyPlugin, sbt.plugins.JvmPlugin, sbt.plugins.BackgroundRunPlugin, sbt.plugins.JUnitXmlReportPlugin)
[Loading] Done in /Users/feliperojas/KnowBag/activator/hello-akka, returning: (hello-akka)
Set current project to hello-akka (in build file:/Users/feliperojas/KnowBag/activator/hello-akka/)
Reapplying settings...
Set current project to hello-akka (in build file:/Users/feliperojas/KnowBag/activator/hello-akka/)
> iflast shell
> server-send-ready-for-request
> server-handle-next-server-request
> {file:/Users/feliperojas/KnowBag/activator/hello-akka/}hello-akka/compile:discoveredMainClasses
Evaluating tasks: compile:discoveredMainClasses
Running task... Cancel: sbt.server.ServerTaskCancellation@1c96b503, check cycles: false
Read from stdout: Updating {file:/Users/feliperojas/KnowBag/activator/hello-akka/}hello-akka...
Updating {file:/Users/feliperojas/KnowBag/activator/hello-akka/}hello-akka...
Other repositories:
Default repositories:
Using inline dependencies specified in Scala.
:: resolving dependencies :: default#hello-akka_2.11;1.0
	confs: [compile, runtime, test, provided, optional, compile-internal, runtime-internal, test-internal, plugin, sources, docs, pom, scala-tool]
	validate = true
	refresh = false
resolving dependencies for configuration 'compile'
== resolving dependencies for default#hello-akka_2.11;1.0 [compile]
== resolving dependencies default#hello-akka_2.11;1.0->org.scala-lang#scala-library;2.11.5 [compile->default(compile)]
Read from stdout: Resolving org.scala-lang#scala-library;2.11.5 ...
Resolving org.scala-lang#scala-library;2.11.5 ...
sbt-chain: Checking cache for: sbt.ivyint.MergedDescriptors@5a565113
sbt-chain: module revision found in cache: org.scala-lang#scala-library;2.11.5
	found org.scala-lang#scala-library;2.11.5 in sbt-chain
	[2.11.5] org.scala-lang#scala-library;2.11.5
== resolving dependencies default#hello-akka_2.11;1.0->org.scala-lang#scala-library;2.11.5 [compile->runtime]
== resolving dependencies default#hello-akka_2.11;1.0->org.scala-lang#scala-library;2.11.5 [compile->compile]
== resolving dependencies default#hello-akka_2.11;1.0->org.scala-lang#scala-library;2.11.5 [compile->master]
== resolving dependencies default#hello-akka_2.11;1.0->com.typesafe.akka#akka-actor_2.11;2.3.9 [compile->default(compile)]
Read from stdout: Resolving com.typesafe.akka#akka-actor_2.11;2.3.9 ...
Resolving com.typesafe.akka#akka-actor_2.11;2.3.9 ...
sbt-chain: Checking cache for: dependency: com.typesafe.akka#akka-actor_2.11;2.3.9 {compile=[default(compile)]}
sbt-chain: module revision found in cache: com.typesafe.akka#akka-actor_2.11;2.3.9
	found com.typesafe.akka#akka-actor_2.11;2.3.9 in sbt-chain
== resolving dependencies default#hello-akka_2.11;1.0->com.typesafe.akka#akka-actor_2.11;2.3.9 [compile->runtime]
== resolving dependencies default#hello-akka_2.11;1.0->com.typesafe.akka#akka-actor_2.11;2.3.9 [compile->compile]
== resolving dependencies com.typesafe.akka#akka-actor_2.11;2.3.9->org.scala-lang#scala-library;2.11.5 [compile->master(compile)]
== resolving dependencies com.typesafe.akka#akka-actor_2.11;2.3.9->org.scala-lang#scala-library;2.11.5 [compile->compile(*)]
== resolving dependencies com.typesafe.akka#akka-actor_2.11;2.3.9->org.scala-lang#scala-library;2.11.5 [compile->runtime(*)]
== resolving dependencies com.typesafe.akka#akka-actor_2.11;2.3.9->org.scala-lang#scala-library;2.11.5 [compile->compile]
== resolving dependencies com.typesafe.akka#akka-actor_2.11;2.3.9->com.typesafe#config;1.2.1 [compile->master(compile)]
Read from stdout: Resolving com.typesafe#config;1.2.1 ...
Resolving com.typesafe#config;1.2.1 ...
sbt-chain: Checking cache for: dependency: com.typesafe#config;1.2.1 {compile=[compile(*), master(compile)], runtime=[runtime(*)]}
sbt-chain: module revision found in cache: com.typesafe#config;1.2.1
	found com.typesafe#config;1.2.1 in sbt-chain
== resolving dependencies com.typesafe.akka#akka-actor_2.11;2.3.9->com.typesafe#config;1.2.1 [compile->compile(*)]
== resolving dependencies com.typesafe.akka#akka-actor_2.11;2.3.9->com.typesafe#config;1.2.1 [compile->runtime(*)]
== resolving dependencies com.typesafe.akka#akka-actor_2.11;2.3.9->com.typesafe#config;1.2.1 [compile->compile]
== resolving dependencies com.typesafe.akka#akka-actor_2.11;2.3.9->org.scala-lang#scala-library;2.11.5 [runtime->runtime(*)]
== resolving dependencies com.typesafe.akka#akka-actor_2.11;2.3.9->org.scala-lang#scala-library;2.11.5 [runtime->compile]
== resolving dependencies com.typesafe.akka#akka-actor_2.11;2.3.9->com.typesafe#config;1.2.1 [runtime->runtime(*)]
== resolving dependencies com.typesafe.akka#akka-actor_2.11;2.3.9->com.typesafe#config;1.2.1 [runtime->compile]
== resolving dependencies default#hello-akka_2.11;1.0->com.typesafe.akka#akka-actor_2.11;2.3.9 [compile->master]
== resolving dependencies default#hello-akka_2.11;1.0->com.typesafe.akka#akka-testkit_2.11;2.3.9 [compile->default(compile)]
Read from stdout: Resolving com.typesafe.akka#akka-testkit_2.11;2.3.9 ...
Resolving com.typesafe.akka#akka-testkit_2.11;2.3.9 ...
sbt-chain: Checking cache for: dependency: com.typesafe.akka#akka-testkit_2.11;2.3.9 {compile=[default(compile)]}
sbt-chain: module revision found in cache: com.typesafe.akka#akka-testkit_2.11;2.3.9
	found com.typesafe.akka#akka-testkit_2.11;2.3.9 in sbt-chain
== resolving dependencies default#hello-akka_2.11;1.0->com.typesafe.akka#akka-testkit_2.11;2.3.9 [compile->runtime]
== resolving dependencies default#hello-akka_2.11;1.0->com.typesafe.akka#akka-testkit_2.11;2.3.9 [compile->compile]
== resolving dependencies com.typesafe.akka#akka-testkit_2.11;2.3.9->org.scala-lang#scala-library;2.11.5 [compile->master(compile)]
== resolving dependencies com.typesafe.akka#akka-testkit_2.11;2.3.9->org.scala-lang#scala-library;2.11.5 [compile->compile(*)]
== resolving dependencies com.typesafe.akka#akka-testkit_2.11;2.3.9->com.typesafe.akka#akka-actor_2.11;2.3.9 [compile->master(compile)]
== resolving dependencies com.typesafe.akka#akka-testkit_2.11;2.3.9->com.typesafe.akka#akka-actor_2.11;2.3.9 [compile->compile(*)]
== resolving dependencies com.typesafe.akka#akka-testkit_2.11;2.3.9->com.typesafe.akka#akka-actor_2.11;2.3.9 [compile->runtime(*)]
== resolving dependencies com.typesafe.akka#akka-testkit_2.11;2.3.9->com.typesafe.akka#akka-actor_2.11;2.3.9 [compile->compile]
== resolving dependencies com.typesafe.akka#akka-testkit_2.11;2.3.9->org.scala-lang#scala-library;2.11.5 [runtime->runtime(*)]
== resolving dependencies com.typesafe.akka#akka-testkit_2.11;2.3.9->org.scala-lang#scala-library;2.11.5 [runtime->compile]
== resolving dependencies com.typesafe.akka#akka-testkit_2.11;2.3.9->com.typesafe.akka#akka-actor_2.11;2.3.9 [runtime->runtime(*)]
== resolving dependencies com.typesafe.akka#akka-testkit_2.11;2.3.9->com.typesafe.akka#akka-actor_2.11;2.3.9 [runtime->compile]
== resolving dependencies default#hello-akka_2.11;1.0->com.typesafe.akka#akka-testkit_2.11;2.3.9 [compile->master]
resolving dependencies for configuration 'runtime'
== resolving dependencies for default#hello-akka_2.11;1.0 [runtime]
== resolving dependencies for default#hello-akka_2.11;1.0 [compile]
== resolving dependencies default#hello-akka_2.11;1.0->org.scala-lang#scala-library;2.11.5 [compile->default(compile)]
== resolving dependencies default#hello-akka_2.11;1.0->org.scala-lang#scala-library;2.11.5 [compile->runtime]
== resolving dependencies default#hello-akka_2.11;1.0->org.scala-lang#scala-library;2.11.5 [compile->compile]
== resolving dependencies default#hello-akka_2.11;1.0->org.scala-lang#scala-library;2.11.5 [compile->master]
== resolving dependencies default#hello-akka_2.11;1.0->com.typesafe.akka#akka-actor_2.11;2.3.9 [compile->default(compile)]
== resolving dependencies default#hello-akka_2.11;1.0->com.typesafe.akka#akka-actor_2.11;2.3.9 [compile->runtime]
== resolving dependencies default#hello-akka_2.11;1.0->com.typesafe.akka#akka-actor_2.11;2.3.9 [compile->compile]
== resolving dependencies com.typesafe.akka#akka-actor_2.11;2.3.9->org.scala-lang#scala-library;2.11.5 [compile->master(compile)]
== resolving dependencies com.typesafe.akka#akka-actor_2.11;2.3.9->org.scala-lang#scala-library;2.11.5 [compile->compile(*)]
== resolving dependencies com.typesafe.akka#akka-actor_2.11;2.3.9->com.typesafe#config;1.2.1 [compile->master(compile)]
== resolving dependencies com.typesafe.akka#akka-actor_2.11;2.3.9->com.typesafe#config;1.2.1 [compile->compile(*)]
== resolving dependencies com.typesafe.akka#akka-actor_2.11;2.3.9->org.scala-lang#scala-library;2.11.5 [runtime->runtime(*)]
== resolving dependencies com.typesafe.akka#akka-actor_2.11;2.3.9->org.scala-lang#scala-library;2.11.5 [runtime->compile]
== resolving dependencies com.typesafe.akka#akka-actor_2.11;2.3.9->com.typesafe#config;1.2.1 [runtime->runtime(*)]
== resolving dependencies com.typesafe.akka#akka-actor_2.11;2.3.9->com.typesafe#config;1.2.1 [runtime->compile]
== resolving dependencies default#hello-akka_2.11;1.0->com.typesafe.akka#akka-actor_2.11;2.3.9 [compile->master]
== resolving dependencies default#hello-akka_2.11;1.0->com.typesafe.akka#akka-testkit_2.11;2.3.9 [compile->default(compile)]
== resolving dependencies default#hello-akka_2.11;1.0->com.typesafe.akka#akka-testkit_2.11;2.3.9 [compile->runtime]
== resolving dependencies default#hello-akka_2.11;1.0->com.typesafe.akka#akka-testkit_2.11;2.3.9 [compile->compile]
== resolving dependencies com.typesafe.akka#akka-testkit_2.11;2.3.9->org.scala-lang#scala-library;2.11.5 [compile->master(compile)]
== resolving dependencies com.typesafe.akka#akka-testkit_2.11;2.3.9->org.scala-lang#scala-library;2.11.5 [compile->compile(*)]
== resolving dependencies com.typesafe.akka#akka-testkit_2.11;2.3.9->com.typesafe.akka#akka-actor_2.11;2.3.9 [compile->master(compile)]
== resolving dependencies com.typesafe.akka#akka-testkit_2.11;2.3.9->com.typesafe.akka#akka-actor_2.11;2.3.9 [compile->compile(*)]
== resolving dependencies com.typesafe.akka#akka-testkit_2.11;2.3.9->org.scala-lang#scala-library;2.11.5 [runtime->runtime(*)]
== resolving dependencies com.typesafe.akka#akka-testkit_2.11;2.3.9->org.scala-lang#scala-library;2.11.5 [runtime->compile]
== resolving dependencies com.typesafe.akka#akka-testkit_2.11;2.3.9->com.typesafe.akka#akka-actor_2.11;2.3.9 [runtime->runtime(*)]
== resolving dependencies com.typesafe.akka#akka-testkit_2.11;2.3.9->com.typesafe.akka#akka-actor_2.11;2.3.9 [runtime->compile]
== resolving dependencies default#hello-akka_2.11;1.0->com.typesafe.akka#akka-testkit_2.11;2.3.9 [compile->master]
resolving dependencies for configuration 'test'
== resolving dependencies for default#hello-akka_2.11;1.0 [test]
== resolving dependencies for default#hello-akka_2.11;1.0 [runtime]
== resolving dependencies for default#hello-akka_2.11;1.0 [compile]
== resolving dependencies default#hello-akka_2.11;1.0->org.scala-lang#scala-library;2.11.5 [compile->default(compile)]
== resolving dependencies default#hello-akka_2.11;1.0->org.scala-lang#scala-library;2.11.5 [compile->runtime]
== resolving dependencies default#hello-akka_2.11;1.0->org.scala-lang#scala-library;2.11.5 [compile->compile]
== resolving dependencies default#hello-akka_2.11;1.0->org.scala-lang#scala-library;2.11.5 [compile->master]
== resolving dependencies default#hello-akka_2.11;1.0->com.typesafe.akka#akka-actor_2.11;2.3.9 [compile->default(compile)]
== resolving dependencies default#hello-akka_2.11;1.0->com.typesafe.akka#akka-actor_2.11;2.3.9 [compile->runtime]
== resolving dependencies default#hello-akka_2.11;1.0->com.typesafe.akka#akka-actor_2.11;2.3.9 [compile->compile]
== resolving dependencies com.typesafe.akka#akka-actor_2.11;2.3.9->org.scala-lang#scala-library;2.11.5 [compile->master(compile)]
== resolving dependencies com.typesafe.akka#akka-actor_2.11;2.3.9->org.scala-lang#scala-library;2.11.5 [compile->compile(*)]
== resolving dependencies com.typesafe.akka#akka-actor_2.11;2.3.9->com.typesafe#config;1.2.1 [compile->master(compile)]
== resolving dependencies com.typesafe.akka#akka-actor_2.11;2.3.9->com.typesafe#config;1.2.1 [compile->compile(*)]
== resolving dependencies com.typesafe.akka#akka-actor_2.11;2.3.9->org.scala-lang#scala-library;2.11.5 [runtime->runtime(*)]
== resolving dependencies com.typesafe.akka#akka-actor_2.11;2.3.9->org.scala-lang#scala-library;2.11.5 [runtime->compile]
== resolving dependencies com.typesafe.akka#akka-actor_2.11;2.3.9->com.typesafe#config;1.2.1 [runtime->runtime(*)]
== resolving dependencies com.typesafe.akka#akka-actor_2.11;2.3.9->com.typesafe#config;1.2.1 [runtime->compile]
== resolving dependencies default#hello-akka_2.11;1.0->com.typesafe.akka#akka-actor_2.11;2.3.9 [compile->master]
== resolving dependencies default#hello-akka_2.11;1.0->com.typesafe.akka#akka-testkit_2.11;2.3.9 [compile->default(compile)]
== resolving dependencies default#hello-akka_2.11;1.0->com.typesafe.akka#akka-testkit_2.11;2.3.9 [compile->runtime]
== resolving dependencies default#hello-akka_2.11;1.0->com.typesafe.akka#akka-testkit_2.11;2.3.9 [compile->compile]
== resolving dependencies com.typesafe.akka#akka-testkit_2.11;2.3.9->org.scala-lang#scala-library;2.11.5 [compile->master(compile)]
== resolving dependencies com.typesafe.akka#akka-testkit_2.11;2.3.9->org.scala-lang#scala-library;2.11.5 [compile->compile(*)]
== resolving dependencies com.typesafe.akka#akka-testkit_2.11;2.3.9->com.typesafe.akka#akka-actor_2.11;2.3.9 [compile->master(compile)]
== resolving dependencies com.typesafe.akka#akka-testkit_2.11;2.3.9->com.typesafe.akka#akka-actor_2.11;2.3.9 [compile->compile(*)]
== resolving dependencies com.typesafe.akka#akka-testkit_2.11;2.3.9->org.scala-lang#scala-library;2.11.5 [runtime->runtime(*)]
== resolving dependencies com.typesafe.akka#akka-testkit_2.11;2.3.9->org.scala-lang#scala-library;2.11.5 [runtime->compile]
== resolving dependencies com.typesafe.akka#akka-testkit_2.11;2.3.9->com.typesafe.akka#akka-actor_2.11;2.3.9 [runtime->runtime(*)]
== resolving dependencies com.typesafe.akka#akka-testkit_2.11;2.3.9->com.typesafe.akka#akka-actor_2.11;2.3.9 [runtime->compile]
== resolving dependencies default#hello-akka_2.11;1.0->com.typesafe.akka#akka-testkit_2.11;2.3.9 [compile->master]
== resolving dependencies default#hello-akka_2.11;1.0->org.scalatest#scalatest_2.11;2.2.4 [test->default(compile)]
Read from stdout: Resolving org.scalatest#scalatest_2.11;2.2.4 ...
Resolving org.scalatest#scalatest_2.11;2.2.4 ...
sbt-chain: Checking cache for: dependency: org.scalatest#scalatest_2.11;2.2.4 {test=[default(compile)]}
sbt-chain: module revision found in cache: org.scalatest#scalatest_2.11;2.2.4
	found org.scalatest#scalatest_2.11;2.2.4 in sbt-chain
== resolving dependencies default#hello-akka_2.11;1.0->org.scalatest#scalatest_2.11;2.2.4 [test->runtime]
== resolving dependencies default#hello-akka_2.11;1.0->org.scalatest#scalatest_2.11;2.2.4 [test->compile]
== resolving dependencies org.scalatest#scalatest_2.11;2.2.4->org.scala-lang#scala-library;2.11.2 [compile->master(compile)]
== resolving dependencies org.scalatest#scalatest_2.11;2.2.4->org.scala-lang#scala-library;2.11.5 [compile->master(compile)]
== resolving dependencies org.scalatest#scalatest_2.11;2.2.4->org.scala-lang#scala-library;2.11.2 [compile->compile(*)]
== resolving dependencies org.scalatest#scalatest_2.11;2.2.4->org.scala-lang#scala-library;2.11.5 [compile->compile(*)]
== resolving dependencies org.scalatest#scalatest_2.11;2.2.4->org.scala-lang#scala-reflect;2.11.2 [compile->master(compile)]
Read from stdout: Resolving org.scala-lang#scala-reflect;2.11.2 ...
Resolving org.scala-lang#scala-reflect;2.11.2 ...
sbt-chain: Checking cache for: dependency: org.scala-lang#scala-reflect;2.11.2 {compile=[compile(*), master(compile)], runtime=[runtime(*)]}
sbt-chain: module revision found in cache: org.scala-lang#scala-reflect;2.11.2
	found org.scala-lang#scala-reflect;2.11.2 in sbt-chain
	[2.11.2] org.scala-lang#scala-reflect;2.11.2
== resolving dependencies org.scalatest#scalatest_2.11;2.2.4->org.scala-lang#scala-reflect;2.11.2 [compile->compile(*)]
== resolving dependencies org.scala-lang#scala-reflect;2.11.2->org.scala-lang#scala-library;2.11.2 [compile->master(*)]
== resolving dependencies org.scala-lang#scala-reflect;2.11.2->org.scala-lang#scala-library;2.11.5 [compile->master(*)]
== resolving dependencies org.scala-lang#scala-reflect;2.11.2->org.scala-lang#scala-library;2.11.2 [compile->compile(*)]
== resolving dependencies org.scala-lang#scala-reflect;2.11.2->org.scala-lang#scala-library;2.11.5 [compile->compile(*)]
== resolving dependencies org.scalatest#scalatest_2.11;2.2.4->org.scala-lang#scala-reflect;2.11.2 [compile->runtime(*)]
== resolving dependencies org.scalatest#scalatest_2.11;2.2.4->org.scala-lang#scala-reflect;2.11.2 [compile->compile]
== resolving dependencies org.scala-lang#scala-reflect;2.11.2->org.scala-lang#scala-library;2.11.2 [runtime->runtime(*)]
== resolving dependencies org.scala-lang#scala-reflect;2.11.2->org.scala-lang#scala-library;2.11.5 [runtime->runtime(*)]
== resolving dependencies org.scala-lang#scala-reflect;2.11.2->org.scala-lang#scala-library;2.11.5 [runtime->compile]
== resolving dependencies org.scalatest#scalatest_2.11;2.2.4->org.scala-lang.modules#scala-xml_2.11;1.0.2 [compile->master(compile)]
Read from stdout: Resolving org.scala-lang.modules#scala-xml_2.11;1.0.2 ...
Resolving org.scala-lang.modules#scala-xml_2.11;1.0.2 ...
sbt-chain: Checking cache for: dependency: org.scala-lang.modules#scala-xml_2.11;1.0.2 {compile=[compile(*), master(compile)], runtime=[runtime(*)]}
sbt-chain: module revision found in cache: org.scala-lang.modules#scala-xml_2.11;1.0.2
	found org.scala-lang.modules#scala-xml_2.11;1.0.2 in sbt-chain
== resolving dependencies org.scalatest#scalatest_2.11;2.2.4->org.scala-lang.modules#scala-xml_2.11;1.0.2 [compile->compile(*)]
== resolving dependencies org.scala-lang.modules#scala-xml_2.11;1.0.2->org.scala-lang#scala-library;2.11.1 [compile->master(*)]
== resolving dependencies org.scala-lang.modules#scala-xml_2.11;1.0.2->org.scala-lang#scala-library;2.11.1 [compile->compile(*)]
== resolving dependencies org.scala-lang.modules#scala-xml_2.11;1.0.2->org.scala-lang#scala-library;2.11.5 [compile->compile(*)]
== resolving dependencies org.scalatest#scalatest_2.11;2.2.4->org.scala-lang.modules#scala-xml_2.11;1.0.2 [compile->runtime(*)]
== resolving dependencies org.scalatest#scalatest_2.11;2.2.4->org.scala-lang.modules#scala-xml_2.11;1.0.2 [compile->compile]
== resolving dependencies org.scala-lang.modules#scala-xml_2.11;1.0.2->org.scala-lang#scala-library;2.11.1 [runtime->runtime(*)]
== resolving dependencies org.scala-lang.modules#scala-xml_2.11;1.0.2->org.scala-lang#scala-library;2.11.5 [runtime->runtime(*)]
== resolving dependencies org.scala-lang.modules#scala-xml_2.11;1.0.2->org.scala-lang#scala-library;2.11.5 [runtime->compile]
== resolving dependencies org.scalatest#scalatest_2.11;2.2.4->org.scala-lang#scala-library;2.11.2 [runtime->runtime(*)]
== resolving dependencies org.scalatest#scalatest_2.11;2.2.4->org.scala-lang#scala-library;2.11.5 [runtime->runtime(*)]
== resolving dependencies org.scalatest#scalatest_2.11;2.2.4->org.scala-lang#scala-library;2.11.5 [runtime->compile]
== resolving dependencies org.scalatest#scalatest_2.11;2.2.4->org.scala-lang#scala-reflect;2.11.2 [runtime->runtime(*)]
== resolving dependencies org.scalatest#scalatest_2.11;2.2.4->org.scala-lang#scala-reflect;2.11.2 [runtime->compile]
== resolving dependencies org.scalatest#scalatest_2.11;2.2.4->org.scala-lang.modules#scala-xml_2.11;1.0.2 [runtime->runtime(*)]
== resolving dependencies org.scalatest#scalatest_2.11;2.2.4->org.scala-lang.modules#scala-xml_2.11;1.0.2 [runtime->compile]
== resolving dependencies default#hello-akka_2.11;1.0->org.scalatest#scalatest_2.11;2.2.4 [test->master]
== resolving dependencies default#hello-akka_2.11;1.0->junit#junit;4.12 [test->default(compile)]
Read from stdout: Resolving junit#junit;4.12 ...
Resolving junit#junit;4.12 ...
sbt-chain: Checking cache for: dependency: junit#junit;4.12 {test=[default(compile)]}
sbt-chain: module revision found in cache: junit#junit;4.12
	found junit#junit;4.12 in sbt-chain
== resolving dependencies default#hello-akka_2.11;1.0->junit#junit;4.12 [test->runtime]
== resolving dependencies default#hello-akka_2.11;1.0->junit#junit;4.12 [test->compile]
== resolving dependencies junit#junit;4.12->org.hamcrest#hamcrest-core;1.3 [compile->master(compile)]
Read from stdout: Resolving org.hamcrest#hamcrest-core;1.3 ...
Resolving org.hamcrest#hamcrest-core;1.3 ...
sbt-chain: Checking cache for: dependency: org.hamcrest#hamcrest-core;1.3 {compile=[compile(*), master(compile)], runtime=[runtime(*)]}
sbt-chain: module revision found in cache: org.hamcrest#hamcrest-core;1.3
	found org.hamcrest#hamcrest-core;1.3 in sbt-chain
== resolving dependencies junit#junit;4.12->org.hamcrest#hamcrest-core;1.3 [compile->compile(*)]
== resolving dependencies junit#junit;4.12->org.hamcrest#hamcrest-core;1.3 [compile->runtime(*)]
== resolving dependencies junit#junit;4.12->org.hamcrest#hamcrest-core;1.3 [compile->compile]
== resolving dependencies junit#junit;4.12->org.hamcrest#hamcrest-core;1.3 [runtime->runtime(*)]
== resolving dependencies junit#junit;4.12->org.hamcrest#hamcrest-core;1.3 [runtime->compile]
== resolving dependencies default#hello-akka_2.11;1.0->junit#junit;4.12 [test->master]
== resolving dependencies default#hello-akka_2.11;1.0->com.novocode#junit-interface;0.11 [test->default(compile)]
Read from stdout: Resolving com.novocode#junit-interface;0.11 ...
Resolving com.novocode#junit-interface;0.11 ...
sbt-chain: Checking cache for: dependency: com.novocode#junit-interface;0.11 {test=[default(compile)]}
sbt-chain: module revision found in cache: com.novocode#junit-interface;0.11
	found com.novocode#junit-interface;0.11 in sbt-chain
== resolving dependencies default#hello-akka_2.11;1.0->com.novocode#junit-interface;0.11 [test->runtime]
== resolving dependencies default#hello-akka_2.11;1.0->com.novocode#junit-interface;0.11 [test->compile]
== resolving dependencies com.novocode#junit-interface;0.11->junit#junit;4.11 [compile->master(*)]
== resolving dependencies com.novocode#junit-interface;0.11->junit#junit;4.12 [compile->master(*)]
== resolving dependencies com.novocode#junit-interface;0.11->junit#junit;4.11 [compile->compile(*)]
== resolving dependencies com.novocode#junit-interface;0.11->junit#junit;4.12 [compile->compile(*)]
== resolving dependencies com.novocode#junit-interface;0.11->org.scala-sbt#test-interface;1.0 [compile->master(*)]
Read from stdout: Resolving org.scala-sbt#test-interface;1.0 ...
Resolving org.scala-sbt#test-interface;1.0 ...
sbt-chain: Checking cache for: dependency: org.scala-sbt#test-interface;1.0 {compile=[compile(*), master(*)], runtime=[runtime(*)]}
sbt-chain: module revision found in cache: org.scala-sbt#test-interface;1.0
	found org.scala-sbt#test-interface;1.0 in sbt-chain
== resolving dependencies com.novocode#junit-interface;0.11->org.scala-sbt#test-interface;1.0 [compile->compile(*)]
== resolving dependencies com.novocode#junit-interface;0.11->org.scala-sbt#test-interface;1.0 [compile->runtime(*)]
== resolving dependencies com.novocode#junit-interface;0.11->org.scala-sbt#test-interface;1.0 [compile->compile]
== resolving dependencies com.novocode#junit-interface;0.11->junit#junit;4.11 [runtime->runtime(*)]
== resolving dependencies com.novocode#junit-interface;0.11->junit#junit;4.12 [runtime->runtime(*)]
== resolving dependencies com.novocode#junit-interface;0.11->junit#junit;4.12 [runtime->compile]
== resolving dependencies com.novocode#junit-interface;0.11->org.scala-sbt#test-interface;1.0 [runtime->runtime(*)]
== resolving dependencies com.novocode#junit-interface;0.11->org.scala-sbt#test-interface;1.0 [runtime->compile]
== resolving dependencies default#hello-akka_2.11;1.0->com.novocode#junit-interface;0.11 [test->master]
resolving dependencies for configuration 'provided'
== resolving dependencies for default#hello-akka_2.11;1.0 [provided]
resolving dependencies for configuration 'optional'
== resolving dependencies for default#hello-akka_2.11;1.0 [optional]
resolving dependencies for configuration 'compile-internal'
== resolving dependencies for default#hello-akka_2.11;1.0 [compile-internal]
== resolving dependencies for default#hello-akka_2.11;1.0 [compile]
== resolving dependencies default#hello-akka_2.11;1.0->org.scala-lang#scala-library;2.11.5 [compile->default(compile)]
== resolving dependencies default#hello-akka_2.11;1.0->org.scala-lang#scala-library;2.11.5 [compile->runtime]
== resolving dependencies default#hello-akka_2.11;1.0->org.scala-lang#scala-library;2.11.5 [compile->compile]
== resolving dependencies default#hello-akka_2.11;1.0->org.scala-lang#scala-library;2.11.5 [compile->master]
== resolving dependencies default#hello-akka_2.11;1.0->com.typesafe.akka#akka-actor_2.11;2.3.9 [compile->default(compile)]
== resolving dependencies default#hello-akka_2.11;1.0->com.typesafe.akka#akka-actor_2.11;2.3.9 [compile->runtime]
== resolving dependencies default#hello-akka_2.11;1.0->com.typesafe.akka#akka-actor_2.11;2.3.9 [compile->compile]
== resolving dependencies com.typesafe.akka#akka-actor_2.11;2.3.9->org.scala-lang#scala-library;2.11.5 [compile->master(compile)]
== resolving dependencies com.typesafe.akka#akka-actor_2.11;2.3.9->org.scala-lang#scala-library;2.11.5 [compile->compile(*)]
== resolving dependencies com.typesafe.akka#akka-actor_2.11;2.3.9->com.typesafe#config;1.2.1 [compile->master(compile)]
== resolving dependencies com.typesafe.akka#akka-actor_2.11;2.3.9->com.typesafe#config;1.2.1 [compile->compile(*)]
== resolving dependencies com.typesafe.akka#akka-actor_2.11;2.3.9->org.scala-lang#scala-library;2.11.5 [runtime->runtime(*)]
== resolving dependencies com.typesafe.akka#akka-actor_2.11;2.3.9->org.scala-lang#scala-library;2.11.5 [runtime->compile]
== resolving dependencies com.typesafe.akka#akka-actor_2.11;2.3.9->com.typesafe#config;1.2.1 [runtime->runtime(*)]
== resolving dependencies com.typesafe.akka#akka-actor_2.11;2.3.9->com.typesafe#config;1.2.1 [runtime->compile]
== resolving dependencies default#hello-akka_2.11;1.0->com.typesafe.akka#akka-actor_2.11;2.3.9 [compile->master]
== resolving dependencies default#hello-akka_2.11;1.0->com.typesafe.akka#akka-testkit_2.11;2.3.9 [compile->default(compile)]
== resolving dependencies default#hello-akka_2.11;1.0->com.typesafe.akka#akka-testkit_2.11;2.3.9 [compile->runtime]
== resolving dependencies default#hello-akka_2.11;1.0->com.typesafe.akka#akka-testkit_2.11;2.3.9 [compile->compile]
== resolving dependencies com.typesafe.akka#akka-testkit_2.11;2.3.9->org.scala-lang#scala-library;2.11.5 [compile->master(compile)]
== resolving dependencies com.typesafe.akka#akka-testkit_2.11;2.3.9->org.scala-lang#scala-library;2.11.5 [compile->compile(*)]
== resolving dependencies com.typesafe.akka#akka-testkit_2.11;2.3.9->com.typesafe.akka#akka-actor_2.11;2.3.9 [compile->master(compile)]
== resolving dependencies com.typesafe.akka#akka-testkit_2.11;2.3.9->com.typesafe.akka#akka-actor_2.11;2.3.9 [compile->compile(*)]
== resolving dependencies com.typesafe.akka#akka-testkit_2.11;2.3.9->org.scala-lang#scala-library;2.11.5 [runtime->runtime(*)]
== resolving dependencies com.typesafe.akka#akka-testkit_2.11;2.3.9->org.scala-lang#scala-library;2.11.5 [runtime->compile]
== resolving dependencies com.typesafe.akka#akka-testkit_2.11;2.3.9->com.typesafe.akka#akka-actor_2.11;2.3.9 [runtime->runtime(*)]
== resolving dependencies com.typesafe.akka#akka-testkit_2.11;2.3.9->com.typesafe.akka#akka-actor_2.11;2.3.9 [runtime->compile]
== resolving dependencies default#hello-akka_2.11;1.0->com.typesafe.akka#akka-testkit_2.11;2.3.9 [compile->master]
== resolving dependencies for default#hello-akka_2.11;1.0 [optional]
== resolving dependencies for default#hello-akka_2.11;1.0 [provided]
resolving dependencies for configuration 'runtime-internal'
== resolving dependencies for default#hello-akka_2.11;1.0 [runtime-internal]
== resolving dependencies for default#hello-akka_2.11;1.0 [runtime]
== resolving dependencies for default#hello-akka_2.11;1.0 [compile]
== resolving dependencies default#hello-akka_2.11;1.0->org.scala-lang#scala-library;2.11.5 [compile->default(compile)]
== resolving dependencies default#hello-akka_2.11;1.0->org.scala-lang#scala-library;2.11.5 [compile->runtime]
== resolving dependencies default#hello-akka_2.11;1.0->org.scala-lang#scala-library;2.11.5 [compile->compile]
== resolving dependencies default#hello-akka_2.11;1.0->org.scala-lang#scala-library;2.11.5 [compile->master]
== resolving dependencies default#hello-akka_2.11;1.0->com.typesafe.akka#akka-actor_2.11;2.3.9 [compile->default(compile)]
== resolving dependencies default#hello-akka_2.11;1.0->com.typesafe.akka#akka-actor_2.11;2.3.9 [compile->runtime]
== resolving dependencies default#hello-akka_2.11;1.0->com.typesafe.akka#akka-actor_2.11;2.3.9 [compile->compile]
== resolving dependencies com.typesafe.akka#akka-actor_2.11;2.3.9->org.scala-lang#scala-library;2.11.5 [compile->master(compile)]
== resolving dependencies com.typesafe.akka#akka-actor_2.11;2.3.9->org.scala-lang#scala-library;2.11.5 [compile->compile(*)]
== resolving dependencies com.typesafe.akka#akka-actor_2.11;2.3.9->com.typesafe#config;1.2.1 [compile->master(compile)]
== resolving dependencies com.typesafe.akka#akka-actor_2.11;2.3.9->com.typesafe#config;1.2.1 [compile->compile(*)]
== resolving dependencies com.typesafe.akka#akka-actor_2.11;2.3.9->org.scala-lang#scala-library;2.11.5 [runtime->runtime(*)]
== resolving dependencies com.typesafe.akka#akka-actor_2.11;2.3.9->org.scala-lang#scala-library;2.11.5 [runtime->compile]
== resolving dependencies com.typesafe.akka#akka-actor_2.11;2.3.9->com.typesafe#config;1.2.1 [runtime->runtime(*)]
== resolving dependencies com.typesafe.akka#akka-actor_2.11;2.3.9->com.typesafe#config;1.2.1 [runtime->compile]
== resolving dependencies default#hello-akka_2.11;1.0->com.typesafe.akka#akka-actor_2.11;2.3.9 [compile->master]
== resolving dependencies default#hello-akka_2.11;1.0->com.typesafe.akka#akka-testkit_2.11;2.3.9 [compile->default(compile)]
== resolving dependencies default#hello-akka_2.11;1.0->com.typesafe.akka#akka-testkit_2.11;2.3.9 [compile->runtime]
== resolving dependencies default#hello-akka_2.11;1.0->com.typesafe.akka#akka-testkit_2.11;2.3.9 [compile->compile]
== resolving dependencies com.typesafe.akka#akka-testkit_2.11;2.3.9->org.scala-lang#scala-library;2.11.5 [compile->master(compile)]
== resolving dependencies com.typesafe.akka#akka-testkit_2.11;2.3.9->org.scala-lang#scala-library;2.11.5 [compile->compile(*)]
== resolving dependencies com.typesafe.akka#akka-testkit_2.11;2.3.9->com.typesafe.akka#akka-actor_2.11;2.3.9 [compile->master(compile)]
== resolving dependencies com.typesafe.akka#akka-testkit_2.11;2.3.9->com.typesafe.akka#akka-actor_2.11;2.3.9 [compile->compile(*)]
== resolving dependencies com.typesafe.akka#akka-testkit_2.11;2.3.9->org.scala-lang#scala-library;2.11.5 [runtime->runtime(*)]
== resolving dependencies com.typesafe.akka#akka-testkit_2.11;2.3.9->org.scala-lang#scala-library;2.11.5 [runtime->compile]
== resolving dependencies com.typesafe.akka#akka-testkit_2.11;2.3.9->com.typesafe.akka#akka-actor_2.11;2.3.9 [runtime->runtime(*)]
== resolving dependencies com.typesafe.akka#akka-testkit_2.11;2.3.9->com.typesafe.akka#akka-actor_2.11;2.3.9 [runtime->compile]
== resolving dependencies default#hello-akka_2.11;1.0->com.typesafe.akka#akka-testkit_2.11;2.3.9 [compile->master]
== resolving dependencies for default#hello-akka_2.11;1.0 [optional]
resolving dependencies for configuration 'test-internal'
== resolving dependencies for default#hello-akka_2.11;1.0 [test-internal]
== resolving dependencies for default#hello-akka_2.11;1.0 [test]
== resolving dependencies for default#hello-akka_2.11;1.0 [runtime]
== resolving dependencies for default#hello-akka_2.11;1.0 [compile]
== resolving dependencies default#hello-akka_2.11;1.0->org.scala-lang#scala-library;2.11.5 [compile->default(compile)]
== resolving dependencies default#hello-akka_2.11;1.0->org.scala-lang#scala-library;2.11.5 [compile->runtime]
== resolving dependencies default#hello-akka_2.11;1.0->org.scala-lang#scala-library;2.11.5 [compile->compile]
== resolving dependencies default#hello-akka_2.11;1.0->org.scala-lang#scala-library;2.11.5 [compile->master]
== resolving dependencies default#hello-akka_2.11;1.0->com.typesafe.akka#akka-actor_2.11;2.3.9 [compile->default(compile)]
== resolving dependencies default#hello-akka_2.11;1.0->com.typesafe.akka#akka-actor_2.11;2.3.9 [compile->runtime]
== resolving dependencies default#hello-akka_2.11;1.0->com.typesafe.akka#akka-actor_2.11;2.3.9 [compile->compile]
== resolving dependencies com.typesafe.akka#akka-actor_2.11;2.3.9->org.scala-lang#scala-library;2.11.5 [compile->master(compile)]
== resolving dependencies com.typesafe.akka#akka-actor_2.11;2.3.9->org.scala-lang#scala-library;2.11.5 [compile->compile(*)]
== resolving dependencies com.typesafe.akka#akka-actor_2.11;2.3.9->com.typesafe#config;1.2.1 [compile->master(compile)]
== resolving dependencies com.typesafe.akka#akka-actor_2.11;2.3.9->com.typesafe#config;1.2.1 [compile->compile(*)]
== resolving dependencies com.typesafe.akka#akka-actor_2.11;2.3.9->org.scala-lang#scala-library;2.11.5 [runtime->runtime(*)]
== resolving dependencies com.typesafe.akka#akka-actor_2.11;2.3.9->org.scala-lang#scala-library;2.11.5 [runtime->compile]
== resolving dependencies com.typesafe.akka#akka-actor_2.11;2.3.9->com.typesafe#config;1.2.1 [runtime->runtime(*)]
== resolving dependencies com.typesafe.akka#akka-actor_2.11;2.3.9->com.typesafe#config;1.2.1 [runtime->compile]
== resolving dependencies default#hello-akka_2.11;1.0->com.typesafe.akka#akka-actor_2.11;2.3.9 [compile->master]
== resolving dependencies default#hello-akka_2.11;1.0->com.typesafe.akka#akka-testkit_2.11;2.3.9 [compile->default(compile)]
== resolving dependencies default#hello-akka_2.11;1.0->com.typesafe.akka#akka-testkit_2.11;2.3.9 [compile->runtime]
== resolving dependencies default#hello-akka_2.11;1.0->com.typesafe.akka#akka-testkit_2.11;2.3.9 [compile->compile]
== resolving dependencies com.typesafe.akka#akka-testkit_2.11;2.3.9->org.scala-lang#scala-library;2.11.5 [compile->master(compile)]
== resolving dependencies com.typesafe.akka#akka-testkit_2.11;2.3.9->org.scala-lang#scala-library;2.11.5 [compile->compile(*)]
== resolving dependencies com.typesafe.akka#akka-testkit_2.11;2.3.9->com.typesafe.akka#akka-actor_2.11;2.3.9 [compile->master(compile)]
== resolving dependencies com.typesafe.akka#akka-testkit_2.11;2.3.9->com.typesafe.akka#akka-actor_2.11;2.3.9 [compile->compile(*)]
== resolving dependencies com.typesafe.akka#akka-testkit_2.11;2.3.9->org.scala-lang#scala-library;2.11.5 [runtime->runtime(*)]
== resolving dependencies com.typesafe.akka#akka-testkit_2.11;2.3.9->org.scala-lang#scala-library;2.11.5 [runtime->compile]
== resolving dependencies com.typesafe.akka#akka-testkit_2.11;2.3.9->com.typesafe.akka#akka-actor_2.11;2.3.9 [runtime->runtime(*)]
== resolving dependencies com.typesafe.akka#akka-testkit_2.11;2.3.9->com.typesafe.akka#akka-actor_2.11;2.3.9 [runtime->compile]
== resolving dependencies default#hello-akka_2.11;1.0->com.typesafe.akka#akka-testkit_2.11;2.3.9 [compile->master]
== resolving dependencies default#hello-akka_2.11;1.0->org.scalatest#scalatest_2.11;2.2.4 [test->default(compile)]
== resolving dependencies default#hello-akka_2.11;1.0->org.scalatest#scalatest_2.11;2.2.4 [test->runtime]
== resolving dependencies default#hello-akka_2.11;1.0->org.scalatest#scalatest_2.11;2.2.4 [test->compile]
== resolving dependencies org.scalatest#scalatest_2.11;2.2.4->org.scala-lang#scala-library;2.11.2 [compile->master(compile)]
== resolving dependencies org.scalatest#scalatest_2.11;2.2.4->org.scala-lang#scala-library;2.11.5 [compile->master(compile)]
== resolving dependencies org.scalatest#scalatest_2.11;2.2.4->org.scala-lang#scala-library;2.11.2 [compile->compile(*)]
== resolving dependencies org.scalatest#scalatest_2.11;2.2.4->org.scala-lang#scala-library;2.11.5 [compile->compile(*)]
== resolving dependencies org.scalatest#scalatest_2.11;2.2.4->org.scala-lang#scala-reflect;2.11.2 [compile->master(compile)]
== resolving dependencies org.scalatest#scalatest_2.11;2.2.4->org.scala-lang#scala-reflect;2.11.2 [compile->compile(*)]
== resolving dependencies org.scala-lang#scala-reflect;2.11.2->org.scala-lang#scala-library;2.11.2 [compile->master(*)]
== resolving dependencies org.scala-lang#scala-reflect;2.11.2->org.scala-lang#scala-library;2.11.5 [compile->master(*)]
== resolving dependencies org.scala-lang#scala-reflect;2.11.2->org.scala-lang#scala-library;2.11.2 [compile->compile(*)]
== resolving dependencies org.scala-lang#scala-reflect;2.11.2->org.scala-lang#scala-library;2.11.5 [compile->compile(*)]
== resolving dependencies org.scalatest#scalatest_2.11;2.2.4->org.scala-lang.modules#scala-xml_2.11;1.0.2 [compile->master(compile)]
== resolving dependencies org.scalatest#scalatest_2.11;2.2.4->org.scala-lang.modules#scala-xml_2.11;1.0.2 [compile->compile(*)]
== resolving dependencies org.scala-lang.modules#scala-xml_2.11;1.0.2->org.scala-lang#scala-library;2.11.1 [compile->master(*)]
== resolving dependencies org.scala-lang.modules#scala-xml_2.11;1.0.2->org.scala-lang#scala-library;2.11.1 [compile->compile(*)]
== resolving dependencies org.scala-lang.modules#scala-xml_2.11;1.0.2->org.scala-lang#scala-library;2.11.5 [compile->compile(*)]
== resolving dependencies org.scalatest#scalatest_2.11;2.2.4->org.scala-lang#scala-library;2.11.2 [runtime->runtime(*)]
== resolving dependencies org.scalatest#scalatest_2.11;2.2.4->org.scala-lang#scala-library;2.11.5 [runtime->runtime(*)]
== resolving dependencies org.scalatest#scalatest_2.11;2.2.4->org.scala-lang#scala-library;2.11.5 [runtime->compile]
== resolving dependencies org.scalatest#scalatest_2.11;2.2.4->org.scala-lang#scala-reflect;2.11.2 [runtime->runtime(*)]
== resolving dependencies org.scalatest#scalatest_2.11;2.2.4->org.scala-lang#scala-reflect;2.11.2 [runtime->compile]
== resolving dependencies org.scala-lang#scala-reflect;2.11.2->org.scala-lang#scala-library;2.11.2 [runtime->runtime(*)]
== resolving dependencies org.scala-lang#scala-reflect;2.11.2->org.scala-lang#scala-library;2.11.5 [runtime->runtime(*)]
== resolving dependencies org.scala-lang#scala-reflect;2.11.2->org.scala-lang#scala-library;2.11.5 [runtime->compile]
== resolving dependencies org.scalatest#scalatest_2.11;2.2.4->org.scala-lang.modules#scala-xml_2.11;1.0.2 [runtime->runtime(*)]
== resolving dependencies org.scalatest#scalatest_2.11;2.2.4->org.scala-lang.modules#scala-xml_2.11;1.0.2 [runtime->compile]
== resolving dependencies org.scala-lang.modules#scala-xml_2.11;1.0.2->org.scala-lang#scala-library;2.11.1 [runtime->runtime(*)]
== resolving dependencies org.scala-lang.modules#scala-xml_2.11;1.0.2->org.scala-lang#scala-library;2.11.5 [runtime->runtime(*)]
== resolving dependencies org.scala-lang.modules#scala-xml_2.11;1.0.2->org.scala-lang#scala-library;2.11.5 [runtime->compile]
== resolving dependencies default#hello-akka_2.11;1.0->org.scalatest#scalatest_2.11;2.2.4 [test->master]
== resolving dependencies default#hello-akka_2.11;1.0->junit#junit;4.12 [test->default(compile)]
== resolving dependencies default#hello-akka_2.11;1.0->junit#junit;4.12 [test->runtime]
== resolving dependencies default#hello-akka_2.11;1.0->junit#junit;4.12 [test->compile]
== resolving dependencies junit#junit;4.12->org.hamcrest#hamcrest-core;1.3 [compile->master(compile)]
== resolving dependencies junit#junit;4.12->org.hamcrest#hamcrest-core;1.3 [compile->compile(*)]
== resolving dependencies junit#junit;4.12->org.hamcrest#hamcrest-core;1.3 [runtime->runtime(*)]
== resolving dependencies junit#junit;4.12->org.hamcrest#hamcrest-core;1.3 [runtime->compile]
== resolving dependencies default#hello-akka_2.11;1.0->junit#junit;4.12 [test->master]
== resolving dependencies default#hello-akka_2.11;1.0->com.novocode#junit-interface;0.11 [test->default(compile)]
== resolving dependencies default#hello-akka_2.11;1.0->com.novocode#junit-interface;0.11 [test->runtime]
== resolving dependencies default#hello-akka_2.11;1.0->com.novocode#junit-interface;0.11 [test->compile]
== resolving dependencies com.novocode#junit-interface;0.11->junit#junit;4.11 [compile->master(*)]
== resolving dependencies com.novocode#junit-interface;0.11->junit#junit;4.12 [compile->master(*)]
== resolving dependencies com.novocode#junit-interface;0.11->junit#junit;4.11 [compile->compile(*)]
== resolving dependencies com.novocode#junit-interface;0.11->junit#junit;4.12 [compile->compile(*)]
== resolving dependencies com.novocode#junit-interface;0.11->org.scala-sbt#test-interface;1.0 [compile->master(*)]
== resolving dependencies com.novocode#junit-interface;0.11->org.scala-sbt#test-interface;1.0 [compile->compile(*)]
== resolving dependencies com.novocode#junit-interface;0.11->junit#junit;4.11 [runtime->runtime(*)]
== resolving dependencies com.novocode#junit-interface;0.11->junit#junit;4.12 [runtime->runtime(*)]
== resolving dependencies com.novocode#junit-interface;0.11->junit#junit;4.12 [runtime->compile]
== resolving dependencies com.novocode#junit-interface;0.11->org.scala-sbt#test-interface;1.0 [runtime->runtime(*)]
== resolving dependencies com.novocode#junit-interface;0.11->org.scala-sbt#test-interface;1.0 [runtime->compile]
== resolving dependencies default#hello-akka_2.11;1.0->com.novocode#junit-interface;0.11 [test->master]
== resolving dependencies for default#hello-akka_2.11;1.0 [optional]
== resolving dependencies for default#hello-akka_2.11;1.0 [provided]
resolving dependencies for configuration 'plugin'
== resolving dependencies for default#hello-akka_2.11;1.0 [plugin]
resolving dependencies for configuration 'sources'
== resolving dependencies for default#hello-akka_2.11;1.0 [sources]
resolving dependencies for configuration 'docs'
== resolving dependencies for default#hello-akka_2.11;1.0 [docs]
resolving dependencies for configuration 'pom'
== resolving dependencies for default#hello-akka_2.11;1.0 [pom]
resolving dependencies for configuration 'scala-tool'
== resolving dependencies for default#hello-akka_2.11;1.0 [scala-tool]
== resolving dependencies default#hello-akka_2.11;1.0->org.scala-lang#scala-compiler;2.11.5 [scala-tool->default]
Read from stdout: Resolving org.scala-lang#scala-compiler;2.11.5 ...
Resolving org.scala-lang#scala-compiler;2.11.5 ...
sbt-chain: Checking cache for: dependency: org.scala-lang#scala-compiler;2.11.5 {scala-tool=[default, optional(default)]}
sbt-chain: module revision found in cache: org.scala-lang#scala-compiler;2.11.5
	found org.scala-lang#scala-compiler;2.11.5 in sbt-chain
== resolving dependencies default#hello-akka_2.11;1.0->org.scala-lang#scala-compiler;2.11.5 [scala-tool->runtime]
== resolving dependencies default#hello-akka_2.11;1.0->org.scala-lang#scala-compiler;2.11.5 [scala-tool->compile]
== resolving dependencies org.scala-lang#scala-compiler;2.11.5->org.scala-lang#scala-library;2.11.5 [compile->master(*)]
== resolving dependencies org.scala-lang#scala-compiler;2.11.5->org.scala-lang#scala-library;2.11.5 [compile->compile(*)]
== resolving dependencies org.scala-lang#scala-compiler;2.11.5->org.scala-lang#scala-library;2.11.5 [compile->default]
== resolving dependencies org.scala-lang#scala-compiler;2.11.5->org.scala-lang#scala-library;2.11.5 [compile->runtime]
== resolving dependencies org.scala-lang#scala-compiler;2.11.5->org.scala-lang#scala-library;2.11.5 [compile->compile]
== resolving dependencies org.scala-lang#scala-compiler;2.11.5->org.scala-lang#scala-library;2.11.5 [compile->master]
== resolving dependencies org.scala-lang#scala-compiler;2.11.5->org.scala-lang#scala-library;2.11.5 [compile->optional(default)]
== resolving dependencies org.scala-lang#scala-compiler;2.11.5->org.scala-lang#scala-reflect;2.11.5 [compile->master(*)]
Read from stdout: Resolving org.scala-lang#scala-reflect;2.11.5 ...
Resolving org.scala-lang#scala-reflect;2.11.5 ...
sbt-chain: Checking cache for: dependency: org.scala-lang#scala-reflect;2.11.5 {compile=[compile(*), master(*)], runtime=[runtime(*)]}
sbt-chain: module revision found in cache: org.scala-lang#scala-reflect;2.11.5
	found org.scala-lang#scala-reflect;2.11.5 in sbt-chain
	[2.11.5] org.scala-lang#scala-reflect;2.11.5
== resolving dependencies org.scala-lang#scala-compiler;2.11.5->org.scala-lang#scala-reflect;2.11.5 [compile->compile(*)]
== resolving dependencies org.scala-lang#scala-reflect;2.11.5->org.scala-lang#scala-library;2.11.5 [compile->master(*)]
== resolving dependencies org.scala-lang#scala-reflect;2.11.5->org.scala-lang#scala-library;2.11.5 [compile->compile(*)]
== resolving dependencies org.scala-lang#scala-compiler;2.11.5->org.scala-lang#scala-reflect;2.11.5 [compile->runtime(*)]
== resolving dependencies org.scala-lang#scala-compiler;2.11.5->org.scala-lang#scala-reflect;2.11.5 [compile->compile]
== resolving dependencies org.scala-lang#scala-reflect;2.11.5->org.scala-lang#scala-library;2.11.5 [runtime->runtime(*)]
== resolving dependencies org.scala-lang#scala-reflect;2.11.5->org.scala-lang#scala-library;2.11.5 [runtime->compile]
== resolving dependencies org.scala-lang#scala-compiler;2.11.5->org.scala-lang.modules#scala-xml_2.11;1.0.3 [compile->master(*)]
Read from stdout: Resolving org.scala-lang.modules#scala-xml_2.11;1.0.3 ...
Resolving org.scala-lang.modules#scala-xml_2.11;1.0.3 ...
sbt-chain: Checking cache for: dependency: org.scala-lang.modules#scala-xml_2.11;1.0.3 {compile=[compile(*), master(*)], runtime=[runtime(*)]}
sbt-chain: module revision found in cache: org.scala-lang.modules#scala-xml_2.11;1.0.3
	found org.scala-lang.modules#scala-xml_2.11;1.0.3 in sbt-chain
== resolving dependencies org.scala-lang#scala-compiler;2.11.5->org.scala-lang.modules#scala-xml_2.11;1.0.3 [compile->compile(*)]
== resolving dependencies org.scala-lang.modules#scala-xml_2.11;1.0.3->org.scala-lang#scala-library;2.11.4 [compile->master(*)]
== resolving dependencies org.scala-lang.modules#scala-xml_2.11;1.0.3->org.scala-lang#scala-library;2.11.5 [compile->master(*)]
== resolving dependencies org.scala-lang.modules#scala-xml_2.11;1.0.3->org.scala-lang#scala-library;2.11.4 [compile->compile(*)]
== resolving dependencies org.scala-lang.modules#scala-xml_2.11;1.0.3->org.scala-lang#scala-library;2.11.5 [compile->compile(*)]
== resolving dependencies org.scala-lang#scala-compiler;2.11.5->org.scala-lang.modules#scala-xml_2.11;1.0.3 [compile->runtime(*)]
== resolving dependencies org.scala-lang#scala-compiler;2.11.5->org.scala-lang.modules#scala-xml_2.11;1.0.3 [compile->compile]
== resolving dependencies org.scala-lang.modules#scala-xml_2.11;1.0.3->org.scala-lang#scala-library;2.11.4 [runtime->runtime(*)]
== resolving dependencies org.scala-lang.modules#scala-xml_2.11;1.0.3->org.scala-lang#scala-library;2.11.5 [runtime->runtime(*)]
== resolving dependencies org.scala-lang.modules#scala-xml_2.11;1.0.3->org.scala-lang#scala-library;2.11.5 [runtime->compile]
== resolving dependencies org.scala-lang#scala-compiler;2.11.5->org.scala-lang.modules#scala-parser-combinators_2.11;1.0.3 [compile->master(*)]
Read from stdout: Resolving org.scala-lang.modules#scala-parser-combinators_2.11;1.0.3 ...
Resolving org.scala-lang.modules#scala-parser-combinators_2.11;1.0.3 ...
sbt-chain: Checking cache for: dependency: org.scala-lang.modules#scala-parser-combinators_2.11;1.0.3 {compile=[compile(*), master(*)], runtime=[runtime(*)]}
sbt-chain: module revision found in cache: org.scala-lang.modules#scala-parser-combinators_2.11;1.0.3
	found org.scala-lang.modules#scala-parser-combinators_2.11;1.0.3 in sbt-chain
== resolving dependencies org.scala-lang#scala-compiler;2.11.5->org.scala-lang.modules#scala-parser-combinators_2.11;1.0.3 [compile->compile(*)]
== resolving dependencies org.scala-lang.modules#scala-parser-combinators_2.11;1.0.3->org.scala-lang#scala-library;2.11.2 [compile->master(*)]
== resolving dependencies org.scala-lang.modules#scala-parser-combinators_2.11;1.0.3->org.scala-lang#scala-library;2.11.5 [compile->master(*)]
== resolving dependencies org.scala-lang.modules#scala-parser-combinators_2.11;1.0.3->org.scala-lang#scala-library;2.11.2 [compile->compile(*)]
== resolving dependencies org.scala-lang.modules#scala-parser-combinators_2.11;1.0.3->org.scala-lang#scala-library;2.11.5 [compile->compile(*)]
== resolving dependencies org.scala-lang#scala-compiler;2.11.5->org.scala-lang.modules#scala-parser-combinators_2.11;1.0.3 [compile->runtime(*)]
== resolving dependencies org.scala-lang#scala-compiler;2.11.5->org.scala-lang.modules#scala-parser-combinators_2.11;1.0.3 [compile->compile]
== resolving dependencies org.scala-lang.modules#scala-parser-combinators_2.11;1.0.3->org.scala-lang#scala-library;2.11.2 [runtime->runtime(*)]
== resolving dependencies org.scala-lang.modules#scala-parser-combinators_2.11;1.0.3->org.scala-lang#scala-library;2.11.5 [runtime->runtime(*)]
== resolving dependencies org.scala-lang.modules#scala-parser-combinators_2.11;1.0.3->org.scala-lang#scala-library;2.11.5 [runtime->compile]
== resolving dependencies org.scala-lang#scala-compiler;2.11.5->org.scala-lang#scala-library;2.11.5 [runtime->runtime(*)]
== resolving dependencies org.scala-lang#scala-compiler;2.11.5->org.scala-lang#scala-library;2.11.5 [runtime->compile]
== resolving dependencies org.scala-lang#scala-compiler;2.11.5->org.scala-lang#scala-reflect;2.11.5 [runtime->runtime(*)]
== resolving dependencies org.scala-lang#scala-compiler;2.11.5->org.scala-lang#scala-reflect;2.11.5 [runtime->compile]
== resolving dependencies org.scala-lang#scala-compiler;2.11.5->org.scala-lang.modules#scala-xml_2.11;1.0.3 [runtime->runtime(*)]
== resolving dependencies org.scala-lang#scala-compiler;2.11.5->org.scala-lang.modules#scala-xml_2.11;1.0.3 [runtime->compile]
== resolving dependencies org.scala-lang#scala-compiler;2.11.5->org.scala-lang.modules#scala-parser-combinators_2.11;1.0.3 [runtime->runtime(*)]
== resolving dependencies org.scala-lang#scala-compiler;2.11.5->org.scala-lang.modules#scala-parser-combinators_2.11;1.0.3 [runtime->compile]
== resolving dependencies default#hello-akka_2.11;1.0->org.scala-lang#scala-compiler;2.11.5 [scala-tool->master]
== resolving dependencies default#hello-akka_2.11;1.0->org.scala-lang#scala-compiler;2.11.5 [scala-tool->optional(default)]
== resolving dependencies org.scala-lang#scala-compiler;2.11.5->jline#jline;2.12 [optional->master(*)]
Read from stdout: Resolving jline#jline;2.12 ...
Resolving jline#jline;2.12 ...
sbt-chain: Checking cache for: dependency: jline#jline;2.12 {optional=[compile(*), master(*)]}
sbt-chain: module revision found in cache: jline#jline;2.12
	found jline#jline;2.12 in sbt-chain
== resolving dependencies org.scala-lang#scala-compiler;2.11.5->jline#jline;2.12 [optional->compile(*)]
== resolving dependencies default#hello-akka_2.11;1.0->org.scala-lang#scala-library;2.11.5 [scala-tool->default]
== resolving dependencies default#hello-akka_2.11;1.0->org.scala-lang#scala-library;2.11.5 [scala-tool->runtime]
== resolving dependencies default#hello-akka_2.11;1.0->org.scala-lang#scala-library;2.11.5 [scala-tool->compile]
== resolving dependencies default#hello-akka_2.11;1.0->org.scala-lang#scala-library;2.11.5 [scala-tool->master]
== resolving dependencies default#hello-akka_2.11;1.0->org.scala-lang#scala-library;2.11.5 [scala-tool->optional(default)]
	resolved ivy file produced in cache
:: downloading artifacts ::
	[NOT REQUIRED] org.scala-lang#scala-library;2.11.5!scala-library.jar
	[NOT REQUIRED] com.typesafe.akka#akka-actor_2.11;2.3.9!akka-actor_2.11.jar
	[NOT REQUIRED] com.typesafe.akka#akka-testkit_2.11;2.3.9!akka-testkit_2.11.jar
	[NOT REQUIRED] com.typesafe#config;1.2.1!config.jar(bundle)
	[NOT REQUIRED] org.scalatest#scalatest_2.11;2.2.4!scalatest_2.11.jar(bundle)
	[NOT REQUIRED] junit#junit;4.12!junit.jar
	[NOT REQUIRED] com.novocode#junit-interface;0.11!junit-interface.jar
	[NOT REQUIRED] org.scala-lang#scala-reflect;2.11.2!scala-reflect.jar
	[NOT REQUIRED] org.scala-lang.modules#scala-xml_2.11;1.0.2!scala-xml_2.11.jar(bundle)
	[NOT REQUIRED] org.hamcrest#hamcrest-core;1.3!hamcrest-core.jar
	[NOT REQUIRED] org.scala-sbt#test-interface;1.0!test-interface.jar
	[NOT REQUIRED] org.scala-lang#scala-compiler;2.11.5!scala-compiler.jar
	[NOT REQUIRED] org.scala-lang#scala-reflect;2.11.5!scala-reflect.jar
	[NOT REQUIRED] org.scala-lang.modules#scala-xml_2.11;1.0.3!scala-xml_2.11.jar(bundle)
	[NOT REQUIRED] org.scala-lang.modules#scala-parser-combinators_2.11;1.0.3!scala-parser-combinators_2.11.jar(bundle)
	[NOT REQUIRED] jline#jline;2.12!jline.jar
:: resolution report :: resolve 924ms :: artifacts dl 26ms
	report for default#hello-akka_2.11;1.0 compile produced in /Users/feliperojas/KnowBag/activator/hello-akka/target/resolution-cache/reports/default-hello-akka_2.11-compile.xml
	report for default#hello-akka_2.11;1.0 runtime produced in /Users/feliperojas/KnowBag/activator/hello-akka/target/resolution-cache/reports/default-hello-akka_2.11-runtime.xml
	report for default#hello-akka_2.11;1.0 test produced in /Users/feliperojas/KnowBag/activator/hello-akka/target/resolution-cache/reports/default-hello-akka_2.11-test.xml
	report for default#hello-akka_2.11;1.0 provided produced in /Users/feliperojas/KnowBag/activator/hello-akka/target/resolution-cache/reports/default-hello-akka_2.11-provided.xml
	report for default#hello-akka_2.11;1.0 optional produced in /Users/feliperojas/KnowBag/activator/hello-akka/target/resolution-cache/reports/default-hello-akka_2.11-optional.xml
	report for default#hello-akka_2.11;1.0 compile-internal produced in /Users/feliperojas/KnowBag/activator/hello-akka/target/resolution-cache/reports/default-hello-akka_2.11-compile-internal.xml
	report for default#hello-akka_2.11;1.0 runtime-internal produced in /Users/feliperojas/KnowBag/activator/hello-akka/target/resolution-cache/reports/default-hello-akka_2.11-runtime-internal.xml
	report for default#hello-akka_2.11;1.0 test-internal produced in /Users/feliperojas/KnowBag/activator/hello-akka/target/resolution-cache/reports/default-hello-akka_2.11-test-internal.xml
	report for default#hello-akka_2.11;1.0 plugin produced in /Users/feliperojas/KnowBag/activator/hello-akka/target/resolution-cache/reports/default-hello-akka_2.11-plugin.xml
	report for default#hello-akka_2.11;1.0 sources produced in /Users/feliperojas/KnowBag/activator/hello-akka/target/resolution-cache/reports/default-hello-akka_2.11-sources.xml
	report for default#hello-akka_2.11;1.0 docs produced in /Users/feliperojas/KnowBag/activator/hello-akka/target/resolution-cache/reports/default-hello-akka_2.11-docs.xml
	report for default#hello-akka_2.11;1.0 pom produced in /Users/feliperojas/KnowBag/activator/hello-akka/target/resolution-cache/reports/default-hello-akka_2.11-pom.xml
	report for default#hello-akka_2.11;1.0 scala-tool produced in /Users/feliperojas/KnowBag/activator/hello-akka/target/resolution-cache/reports/default-hello-akka_2.11-scala-tool.xml
	resolve done (924ms resolve - 26ms download)
Read from stdout: Done updating.
Done updating.

Initial source changes: 
	removed:Set()
	added: Set()
	modified: Set()
Removed products: Set(/Users/feliperojas/KnowBag/activator/hello-akka/target/scala-2.11/classes/Greet$.class, /Users/feliperojas/KnowBag/activator/hello-akka/target/scala-2.11/classes/HelloAkkaJava$GreetPrinter.class, /Users/feliperojas/KnowBag/activator/hello-akka/target/scala-2.11/classes/WhoToGreet.class, /Users/feliperojas/KnowBag/activator/hello-akka/target/scala-2.11/classes/Greeter$$anonfun$receive$1.class, /Users/feliperojas/KnowBag/activator/hello-akka/target/scala-2.11/classes/HelloAkkaJava$Greet.class, /Users/feliperojas/KnowBag/activator/hello-akka/target/scala-2.11/classes/HelloAkkaScala$.class, /Users/feliperojas/KnowBag/activator/hello-akka/target/scala-2.11/classes/Greet.class, /Users/feliperojas/KnowBag/activator/hello-akka/target/scala-2.11/classes/Greeter.class, /Users/feliperojas/KnowBag/activator/hello-akka/target/scala-2.11/classes/GreetPrinter.class, /Users/feliperojas/KnowBag/activator/hello-akka/target/scala-2.11/classes/WhoToGreet$.class, /Users/feliperojas/KnowBag/activator/hello-akka/target/scala-2.11/classes/HelloAkkaJava$Greeting.class, /Users/feliperojas/KnowBag/activator/hello-akka/target/scala-2.11/classes/GreetPrinter$$anonfun$receive$2.class, /Users/feliperojas/KnowBag/activator/hello-akka/target/scala-2.11/classes/HelloAkkaJava.class, /Users/feliperojas/KnowBag/activator/hello-akka/target/scala-2.11/classes/Greeting.class, /Users/feliperojas/KnowBag/activator/hello-akka/target/scala-2.11/classes/HelloAkkaJava$WhoToGreet.class, /Users/feliperojas/KnowBag/activator/hello-akka/target/scala-2.11/classes/Greeting$.class, /Users/feliperojas/KnowBag/activator/hello-akka/target/scala-2.11/classes/HelloAkkaScala$delayedInit$body.class, /Users/feliperojas/KnowBag/activator/hello-akka/target/scala-2.11/classes/HelloAkkaScala.class, /Users/feliperojas/KnowBag/activator/hello-akka/target/scala-2.11/classes/HelloAkkaJava$Greeter.class)
External API changes: API Changes: Set()
Modified binary dependencies: Set()
Initial directly invalidated sources: Set()

Sources indirectly invalidated by:
	product: Set(/Users/feliperojas/KnowBag/activator/hello-akka/src/main/scala/HelloAkkaScala.scala, /Users/feliperojas/KnowBag/activator/hello-akka/src/main/java/HelloAkkaJava.java)
	binary dep: Set()
	external source: Set()
All initially invalidated sources: Set(/Users/feliperojas/KnowBag/activator/hello-akka/src/main/scala/HelloAkkaScala.scala, /Users/feliperojas/KnowBag/activator/hello-akka/src/main/java/HelloAkkaJava.java)

Recompiling all 2 sources: invalidated sources (2) exceeded 50.0% of all sources
Read from stdout: Compiling 1 Scala source and 1 Java source to /Users/feliperojas/KnowBag/activator/hello-akka/target/scala-2.11/classes...
Compiling 1 Scala source and 1 Java source to /Users/feliperojas/KnowBag/activator/hello-akka/target/scala-2.11/classes...
Getting compiler-interface from component compiler for Scala 2.11.5
Other repositories:
Default repositories:
Getting compiler-interface from component compiler for Scala 2.11.5
Other repositories:
Default repositories:
Running cached compiler 50065822, interfacing (CompilerInterface) with Scala compiler version 2.11.5
Calling Scala compiler with arguments  (CompilerInterface):
	-bootclasspath
	/Library/Java/JavaVirtualMachines/jdk1.8.0_25.jdk/Contents/Home/jre/lib/resources.jar:/Library/Java/JavaVirtualMachines/jdk1.8.0_25.jdk/Contents/Home/jre/lib/rt.jar:/Library/Java/JavaVirtualMachines/jdk1.8.0_25.jdk/Contents/Home/jre/lib/sunrsasign.jar:/Library/Java/JavaVirtualMachines/jdk1.8.0_25.jdk/Contents/Home/jre/lib/jsse.jar:/Library/Java/JavaVirtualMachines/jdk1.8.0_25.jdk/Contents/Home/jre/lib/jce.jar:/Library/Java/JavaVirtualMachines/jdk1.8.0_25.jdk/Contents/Home/jre/lib/charsets.jar:/Library/Java/JavaVirtualMachines/jdk1.8.0_25.jdk/Contents/Home/jre/lib/jfr.jar:/Library/Java/JavaVirtualMachines/jdk1.8.0_25.jdk/Contents/Home/jre/classes:/Users/feliperojas/.ivy2/cache/org.scala-lang/scala-library/jars/scala-library-2.11.5.jar
	-classpath
	/Users/feliperojas/KnowBag/activator/hello-akka/target/scala-2.11/classes:/Users/feliperojas/.ivy2/cache/com.typesafe.akka/akka-actor_2.11/jars/akka-actor_2.11-2.3.9.jar:/Users/feliperojas/.ivy2/cache/com.typesafe/config/bundles/config-1.2.1.jar:/Users/feliperojas/.ivy2/cache/com.typesafe.akka/akka-testkit_2.11/jars/akka-testkit_2.11-2.3.9.jar
Scala compilation took 8.91501695 s
Attempting to call com.sun.tools.javac.api.JavacTool@75f494f4 directly...
Java compilation took 1.147053645 s
Java analysis took 0.115106254 s
Java compile + analysis took 1.267402968 s
New invalidations:
	Set()
Initial set of included nodes: Set()
Previously invalidated, but (transitively) depend on new invalidations:
	Set()
All newly invalidated sources after taking into account (previously) recompiled sources:Set()
Total time: 12 s, completed Apr 30, 2015 12:09:12 AM
> server-post-command-cleanup
> server-handle-next-server-request
> {file:/Users/feliperojas/KnowBag/activator/hello-akka/}hello-akka/compile:mainClass
Evaluating tasks: compile:mainClass
Running task... Cancel: sbt.server.ServerTaskCancellation@301c65d4, check cycles: false

Initial source changes: 
	removed:Set()
	added: Set()
	modified: Set()
Removed products: Set()
External API changes: API Changes: Set()
Modified binary dependencies: Set()
Initial directly invalidated sources: Set()

Sources indirectly invalidated by:
	product: Set()
	binary dep: Set()
	external source: Set()
All initially invalidated sources: Set()

Read from stdout: Multiple main classes detected.  Run 'show discoveredMainClasses' to see the list
Multiple main classes detected.  Run 'show discoveredMainClasses' to see the list
Total time: 0 s, completed Apr 30, 2015 12:09:12 AM
> server-post-command-cleanup
> server-handle-next-server-request
> {file:/Users/feliperojas/KnowBag/activator/hello-akka/}hello-akka/compile:discoveredMainClasses
Evaluating tasks: compile:discoveredMainClasses
Running task... Cancel: sbt.server.ServerTaskCancellation@9200953, check cycles: false

Initial source changes: 
	removed:Set()
	added: Set()
	modified: Set()
Removed products: Set()
External API changes: API Changes: Set()
Modified binary dependencies: Set()
Initial directly invalidated sources: Set()

Sources indirectly invalidated by:
	product: Set()
	binary dep: Set()
	external source: Set()
All initially invalidated sources: Set()

Total time: 0 s, completed Apr 30, 2015 12:09:13 AM
> server-post-command-cleanup
> server-handle-next-server-request
> {file:/Users/feliperojas/KnowBag/activator/hello-akka/}hello-akka/compile:mainClass
Evaluating tasks: compile:mainClass
Running task... Cancel: sbt.server.ServerTaskCancellation@4af4ebe8, check cycles: false

Initial source changes: 
	removed:Set()
	added: Set()
	modified: Set()
Removed products: Set()
External API changes: API Changes: Set()
Modified binary dependencies: Set()
Initial directly invalidated sources: Set()

Sources indirectly invalidated by:
	product: Set()
	binary dep: Set()
	external source: Set()
All initially invalidated sources: Set()

Read from stdout: Multiple main classes detected.  Run 'show discoveredMainClasses' to see the list
Multiple main classes detected.  Run 'show discoveredMainClasses' to see the list
Total time: 0 s, completed Apr 30, 2015 12:09:13 AM
> server-post-command-cleanup
> server-handle-next-server-request
> backgroundRunMain HelloAkkaJava
Evaluating tasks: compile:backgroundRunMain
Running task... Cancel: sbt.server.ServerTaskCancellation@1c492376, check cycles: false

Initial source changes: 
	removed:Set()
	added: Set()
	modified: Set()
Removed products: Set()
External API changes: API Changes: Set()
Modified binary dependencies: Set()
Initial directly invalidated sources: Set()

Sources indirectly invalidated by:
	product: Set()
	binary dep: Set()
	external source: Set()
All initially invalidated sources: Set()

Copy resource mappings: 
	
Total time: 0 s, completed Apr 30, 2015 12:09:20 AM
> server-post-command-cleanup
> server-handle-next-server-request
> jobStop 1
Evaluating tasks: *:jobStop
Running task... Cancel: sbt.server.ServerTaskCancellation@ad43ba9, check cycles: false
Total time: 0 s, completed Apr 30, 2015 12:09:24 AM
> server-post-command-cleanup
> server-handle-next-server-request
Exception in thread "sbt-bg-threads-1" java.lang.RuntimeException: Nonzero exit code returned from runner: 143
	at scala.sys.package$.error(package.scala:27)
	at sbt.BuildCommon$$anonfun$toError$1.apply(Defaults.scala:1938)
	at sbt.BuildCommon$$anonfun$toError$1.apply(Defaults.scala:1938)
	at scala.Option.foreach(Option.scala:236)
	at sbt.BuildCommon$class.toError(Defaults.scala:1938)
	at sbt.package$.toError(package.scala:4)
	at sbt.plugins.BackgroundRun$$$$b4c18989468ecd5aa4b4422d7494c6$$$$onfun$apply$6.apply(BackgroundRunPlugin.scala:38)
	at sbt.plugins.BackgroundRun$$$$b4c18989468ecd5aa4b4422d7494c6$$$$onfun$apply$6.apply(BackgroundRunPlugin.scala:37)
	at sbt.BackgroundThreadPool$$anonfun$1.apply$mcV$sp(AbstractBackgroundJobService.scala:134)
	at sbt.BackgroundThreadPool$BackgroundRunnable.run(AbstractBackgroundJobService.scala:68)
	at java.util.concurrent.ThreadPoolExecutor.runWorker(ThreadPoolExecutor.java:1142)
	at java.util.concurrent.ThreadPoolExecutor$Worker.run(ThreadPoolExecutor.java:617)
	at java.lang.Thread.run(Thread.java:745)
Done executing sbt server engine, result Right(Exit(0))
Closing listening server socket
Waiting for socket thread
Waiting for request processor thread
Waiting for command engine result
Returning control to sbt launcher with result Exit(0)
Closing the 1806@iMac-de-Felipe.local logs at Thu Apr 30 00:11:56 COT 2015, goodbye.
